22:31:47 INFO  : Registering command handlers for SDK TCF services
22:31:48 INFO  : Launching XSCT server: xsct.bat -interactive E:\Zynq\SDK\MIO_LED\MIO_LED.sdk\temp_xsdb_launch_script.tcl
22:31:50 INFO  : XSCT server has started successfully.
22:31:50 INFO  : Successfully done setting XSCT server connection channel  
22:31:50 INFO  : Successfully done setting SDK workspace  
22:31:50 INFO  : Processing command line option -hwspec E:/Zynq/SDK/MIO_LED/MIO_LED.sdk/system_wrapper.hdf.
22:43:12 INFO  : Connected to target on host '127.0.0.1' and port '3121'.
22:43:12 INFO  : Jtag cable 'Digilent JTAG-HS1 210512180081' is selected.
22:43:12 INFO  : 'jtag frequency' command is executed.
22:43:12 INFO  : Sourcing of 'E:/Zynq/SDK/MIO_LED/MIO_LED.sdk/system_wrapper_hw_platform_0/ps7_init.tcl' is done.
22:43:12 INFO  : Context for 'APU' is selected.
22:43:12 INFO  : Hardware design information is loaded from 'E:/Zynq/SDK/MIO_LED/MIO_LED.sdk/system_wrapper_hw_platform_0/system.hdf'.
22:43:12 INFO  : 'configparams force-mem-access 1' command is executed.
22:43:12 INFO  : Context for 'APU' is selected.
22:43:12 INFO  : 'stop' command is executed.
22:43:13 INFO  : 'ps7_init' command is executed.
22:43:13 INFO  : 'ps7_post_config' command is executed.
22:43:13 INFO  : Context for processor 'ps7_cortexa9_0' is selected.
22:43:13 INFO  : Processor reset is completed for 'ps7_cortexa9_0'.
22:43:13 INFO  : Context for processor 'ps7_cortexa9_0' is selected.
22:43:13 INFO  : The application 'E:/Zynq/SDK/MIO_LED/MIO_LED.sdk/MIO_LED/Debug/MIO_LED.elf' is downloaded to processor 'ps7_cortexa9_0'.
22:43:13 INFO  : 'configparams force-mem-access 0' command is executed.
22:43:13 INFO  : ----------------XSDB Script----------------
connect -url tcp:127.0.0.1:3121
source E:/Zynq/SDK/MIO_LED/MIO_LED.sdk/system_wrapper_hw_platform_0/ps7_init.tcl
targets -set -nocase -filter {name =~"APU*" && jtag_cable_name =~ "Digilent JTAG-HS1 210512180081"} -index 0
loadhw -hw E:/Zynq/SDK/MIO_LED/MIO_LED.sdk/system_wrapper_hw_platform_0/system.hdf -mem-ranges [list {0x40000000 0xbfffffff}]
configparams force-mem-access 1
targets -set -nocase -filter {name =~"APU*" && jtag_cable_name =~ "Digilent JTAG-HS1 210512180081"} -index 0
stop
ps7_init
ps7_post_config
targets -set -nocase -filter {name =~ "ARM*#0" && jtag_cable_name =~ "Digilent JTAG-HS1 210512180081"} -index 0
rst -processor
targets -set -nocase -filter {name =~ "ARM*#0" && jtag_cable_name =~ "Digilent JTAG-HS1 210512180081"} -index 0
dow E:/Zynq/SDK/MIO_LED/MIO_LED.sdk/MIO_LED/Debug/MIO_LED.elf
configparams force-mem-access 0
----------------End of Script----------------

22:43:13 INFO  : Context for processor 'ps7_cortexa9_0' is selected.
22:43:13 INFO  : 'con' command is executed.
22:43:13 INFO  : ----------------XSDB Script (After Launch)----------------
targets -set -nocase -filter {name =~ "ARM*#0" && jtag_cable_name =~ "Digilent JTAG-HS1 210512180081"} -index 0
con
----------------End of Script----------------

22:43:13 INFO  : Launch script is exported to file 'E:\Zynq\SDK\MIO_LED\MIO_LED.sdk\.sdk\launch_scripts\xilinx_c-c++_application_(system_debugger)\system_debugger_using_debug_mio_led.elf_on_local.tcl'
22:49:07 INFO  : Example project MIO_LED_bsp_xgpiops_polled_example_1 has been created successfully.
23:31:48 INFO  : Disconnected from the channel tcfchan#1.
23:31:49 INFO  : Connected to target on host '127.0.0.1' and port '3121'.
23:31:49 INFO  : Jtag cable 'Digilent JTAG-HS1 210512180081' is selected.
23:31:49 INFO  : 'jtag frequency' command is executed.
23:31:49 INFO  : Sourcing of 'E:/Zynq/SDK/MIO_LED/MIO_LED.sdk/system_wrapper_hw_platform_0/ps7_init.tcl' is done.
23:31:49 INFO  : Context for 'APU' is selected.
23:31:50 INFO  : Hardware design information is loaded from 'E:/Zynq/SDK/MIO_LED/MIO_LED.sdk/system_wrapper_hw_platform_0/system.hdf'.
23:31:50 INFO  : 'configparams force-mem-access 1' command is executed.
23:31:50 INFO  : Context for 'APU' is selected.
23:31:50 INFO  : 'stop' command is executed.
23:31:50 INFO  : 'ps7_init' command is executed.
23:31:50 INFO  : 'ps7_post_config' command is executed.
23:31:50 INFO  : Context for processor 'ps7_cortexa9_0' is selected.
23:31:50 INFO  : Processor reset is completed for 'ps7_cortexa9_0'.
23:31:50 INFO  : Context for processor 'ps7_cortexa9_0' is selected.
23:31:50 INFO  : The application 'E:/Zynq/SDK/MIO_LED/MIO_LED.sdk/MIO_LED/Debug/MIO_LED.elf' is downloaded to processor 'ps7_cortexa9_0'.
23:31:50 INFO  : 'configparams force-mem-access 0' command is executed.
23:31:50 INFO  : ----------------XSDB Script----------------
connect -url tcp:127.0.0.1:3121
source E:/Zynq/SDK/MIO_LED/MIO_LED.sdk/system_wrapper_hw_platform_0/ps7_init.tcl
targets -set -nocase -filter {name =~"APU*" && jtag_cable_name =~ "Digilent JTAG-HS1 210512180081"} -index 0
loadhw -hw E:/Zynq/SDK/MIO_LED/MIO_LED.sdk/system_wrapper_hw_platform_0/system.hdf -mem-ranges [list {0x40000000 0xbfffffff}]
configparams force-mem-access 1
targets -set -nocase -filter {name =~"APU*" && jtag_cable_name =~ "Digilent JTAG-HS1 210512180081"} -index 0
stop
ps7_init
ps7_post_config
targets -set -nocase -filter {name =~ "ARM*#0" && jtag_cable_name =~ "Digilent JTAG-HS1 210512180081"} -index 0
rst -processor
targets -set -nocase -filter {name =~ "ARM*#0" && jtag_cable_name =~ "Digilent JTAG-HS1 210512180081"} -index 0
dow E:/Zynq/SDK/MIO_LED/MIO_LED.sdk/MIO_LED/Debug/MIO_LED.elf
configparams force-mem-access 0
----------------End of Script----------------

23:31:51 INFO  : Context for processor 'ps7_cortexa9_0' is selected.
23:31:51 INFO  : 'con' command is executed.
23:31:51 INFO  : ----------------XSDB Script (After Launch)----------------
targets -set -nocase -filter {name =~ "ARM*#0" && jtag_cable_name =~ "Digilent JTAG-HS1 210512180081"} -index 0
con
----------------End of Script----------------

23:31:51 INFO  : Launch script is exported to file 'E:\Zynq\SDK\MIO_LED\MIO_LED.sdk\.sdk\launch_scripts\xilinx_c-c++_application_(system_debugger)\system_debugger_using_debug_mio_led.elf_on_local.tcl'
23:32:28 INFO  : Disconnected from the channel tcfchan#2.
23:32:29 INFO  : Connected to target on host '127.0.0.1' and port '3121'.
23:32:29 INFO  : Jtag cable 'Digilent JTAG-HS1 210512180081' is selected.
23:32:29 INFO  : 'jtag frequency' command is executed.
23:32:29 INFO  : Sourcing of 'E:/Zynq/SDK/MIO_LED/MIO_LED.sdk/system_wrapper_hw_platform_0/ps7_init.tcl' is done.
23:32:29 INFO  : Context for 'APU' is selected.
23:32:30 INFO  : Hardware design information is loaded from 'E:/Zynq/SDK/MIO_LED/MIO_LED.sdk/system_wrapper_hw_platform_0/system.hdf'.
23:32:30 INFO  : 'configparams force-mem-access 1' command is executed.
23:32:30 INFO  : Context for 'APU' is selected.
23:32:30 INFO  : 'stop' command is executed.
23:32:30 INFO  : 'ps7_init' command is executed.
23:32:30 INFO  : 'ps7_post_config' command is executed.
23:32:30 INFO  : Context for processor 'ps7_cortexa9_0' is selected.
23:32:30 INFO  : Processor reset is completed for 'ps7_cortexa9_0'.
23:32:30 INFO  : Context for processor 'ps7_cortexa9_0' is selected.
23:32:31 INFO  : The application 'E:/Zynq/SDK/MIO_LED/MIO_LED.sdk/MIO_LED/Debug/MIO_LED.elf' is downloaded to processor 'ps7_cortexa9_0'.
23:32:31 INFO  : 'configparams force-mem-access 0' command is executed.
23:32:31 INFO  : ----------------XSDB Script----------------
connect -url tcp:127.0.0.1:3121
source E:/Zynq/SDK/MIO_LED/MIO_LED.sdk/system_wrapper_hw_platform_0/ps7_init.tcl
targets -set -nocase -filter {name =~"APU*" && jtag_cable_name =~ "Digilent JTAG-HS1 210512180081"} -index 0
loadhw -hw E:/Zynq/SDK/MIO_LED/MIO_LED.sdk/system_wrapper_hw_platform_0/system.hdf -mem-ranges [list {0x40000000 0xbfffffff}]
configparams force-mem-access 1
targets -set -nocase -filter {name =~"APU*" && jtag_cable_name =~ "Digilent JTAG-HS1 210512180081"} -index 0
stop
ps7_init
ps7_post_config
targets -set -nocase -filter {name =~ "ARM*#0" && jtag_cable_name =~ "Digilent JTAG-HS1 210512180081"} -index 0
rst -processor
targets -set -nocase -filter {name =~ "ARM*#0" && jtag_cable_name =~ "Digilent JTAG-HS1 210512180081"} -index 0
dow E:/Zynq/SDK/MIO_LED/MIO_LED.sdk/MIO_LED/Debug/MIO_LED.elf
configparams force-mem-access 0
----------------End of Script----------------

23:32:31 INFO  : Context for processor 'ps7_cortexa9_0' is selected.
23:32:31 INFO  : 'con' command is executed.
23:32:31 INFO  : ----------------XSDB Script (After Launch)----------------
targets -set -nocase -filter {name =~ "ARM*#0" && jtag_cable_name =~ "Digilent JTAG-HS1 210512180081"} -index 0
con
----------------End of Script----------------

23:32:31 INFO  : Launch script is exported to file 'E:\Zynq\SDK\MIO_LED\MIO_LED.sdk\.sdk\launch_scripts\xilinx_c-c++_application_(system_debugger)\system_debugger_using_debug_mio_led.elf_on_local.tcl'
23:32:47 INFO  : Disconnected from the channel tcfchan#3.
23:32:48 INFO  : Connected to target on host '127.0.0.1' and port '3121'.
23:32:48 INFO  : Jtag cable 'Digilent JTAG-HS1 210512180081' is selected.
23:32:48 INFO  : 'jtag frequency' command is executed.
23:32:48 INFO  : Sourcing of 'E:/Zynq/SDK/MIO_LED/MIO_LED.sdk/system_wrapper_hw_platform_0/ps7_init.tcl' is done.
23:32:48 INFO  : Context for 'APU' is selected.
23:32:49 INFO  : Hardware design information is loaded from 'E:/Zynq/SDK/MIO_LED/MIO_LED.sdk/system_wrapper_hw_platform_0/system.hdf'.
23:32:49 INFO  : 'configparams force-mem-access 1' command is executed.
23:32:49 INFO  : Context for 'APU' is selected.
23:32:49 INFO  : 'stop' command is executed.
23:32:50 INFO  : 'ps7_init' command is executed.
23:32:50 INFO  : 'ps7_post_config' command is executed.
23:32:50 INFO  : Context for processor 'ps7_cortexa9_0' is selected.
23:32:50 INFO  : Processor reset is completed for 'ps7_cortexa9_0'.
23:32:50 INFO  : Context for processor 'ps7_cortexa9_0' is selected.
23:32:50 INFO  : The application 'E:/Zynq/SDK/MIO_LED/MIO_LED.sdk/MIO_LED/Debug/MIO_LED.elf' is downloaded to processor 'ps7_cortexa9_0'.
23:32:50 INFO  : 'configparams force-mem-access 0' command is executed.
23:32:50 INFO  : ----------------XSDB Script----------------
connect -url tcp:127.0.0.1:3121
source E:/Zynq/SDK/MIO_LED/MIO_LED.sdk/system_wrapper_hw_platform_0/ps7_init.tcl
targets -set -nocase -filter {name =~"APU*" && jtag_cable_name =~ "Digilent JTAG-HS1 210512180081"} -index 0
loadhw -hw E:/Zynq/SDK/MIO_LED/MIO_LED.sdk/system_wrapper_hw_platform_0/system.hdf -mem-ranges [list {0x40000000 0xbfffffff}]
configparams force-mem-access 1
targets -set -nocase -filter {name =~"APU*" && jtag_cable_name =~ "Digilent JTAG-HS1 210512180081"} -index 0
stop
ps7_init
ps7_post_config
targets -set -nocase -filter {name =~ "ARM*#0" && jtag_cable_name =~ "Digilent JTAG-HS1 210512180081"} -index 0
rst -processor
targets -set -nocase -filter {name =~ "ARM*#0" && jtag_cable_name =~ "Digilent JTAG-HS1 210512180081"} -index 0
dow E:/Zynq/SDK/MIO_LED/MIO_LED.sdk/MIO_LED/Debug/MIO_LED.elf
configparams force-mem-access 0
----------------End of Script----------------

23:32:50 INFO  : Context for processor 'ps7_cortexa9_0' is selected.
23:32:50 INFO  : 'con' command is executed.
23:32:50 INFO  : ----------------XSDB Script (After Launch)----------------
targets -set -nocase -filter {name =~ "ARM*#0" && jtag_cable_name =~ "Digilent JTAG-HS1 210512180081"} -index 0
con
----------------End of Script----------------

23:32:50 INFO  : Launch script is exported to file 'E:\Zynq\SDK\MIO_LED\MIO_LED.sdk\.sdk\launch_scripts\xilinx_c-c++_application_(system_debugger)\system_debugger_using_debug_mio_led.elf_on_local.tcl'
23:36:49 INFO  : Disconnected from the channel tcfchan#4.
23:36:50 INFO  : Connected to target on host '127.0.0.1' and port '3121'.
23:36:50 INFO  : Jtag cable 'Digilent JTAG-HS1 210512180081' is selected.
23:36:50 INFO  : 'jtag frequency' command is executed.
23:36:50 INFO  : Sourcing of 'E:/Zynq/SDK/MIO_LED/MIO_LED.sdk/system_wrapper_hw_platform_0/ps7_init.tcl' is done.
23:36:50 INFO  : Context for 'APU' is selected.
23:36:51 INFO  : Hardware design information is loaded from 'E:/Zynq/SDK/MIO_LED/MIO_LED.sdk/system_wrapper_hw_platform_0/system.hdf'.
23:36:51 INFO  : 'configparams force-mem-access 1' command is executed.
23:36:51 INFO  : Context for 'APU' is selected.
23:36:51 INFO  : 'stop' command is executed.
23:36:51 INFO  : 'ps7_init' command is executed.
23:36:51 INFO  : 'ps7_post_config' command is executed.
23:36:51 INFO  : Context for processor 'ps7_cortexa9_0' is selected.
23:36:51 INFO  : Processor reset is completed for 'ps7_cortexa9_0'.
23:36:51 INFO  : Context for processor 'ps7_cortexa9_0' is selected.
23:36:52 INFO  : The application 'E:/Zynq/SDK/MIO_LED/MIO_LED.sdk/MIO_LED/Debug/MIO_LED.elf' is downloaded to processor 'ps7_cortexa9_0'.
23:36:52 INFO  : 'configparams force-mem-access 0' command is executed.
23:36:52 INFO  : ----------------XSDB Script----------------
connect -url tcp:127.0.0.1:3121
source E:/Zynq/SDK/MIO_LED/MIO_LED.sdk/system_wrapper_hw_platform_0/ps7_init.tcl
targets -set -nocase -filter {name =~"APU*" && jtag_cable_name =~ "Digilent JTAG-HS1 210512180081"} -index 0
loadhw -hw E:/Zynq/SDK/MIO_LED/MIO_LED.sdk/system_wrapper_hw_platform_0/system.hdf -mem-ranges [list {0x40000000 0xbfffffff}]
configparams force-mem-access 1
targets -set -nocase -filter {name =~"APU*" && jtag_cable_name =~ "Digilent JTAG-HS1 210512180081"} -index 0
stop
ps7_init
ps7_post_config
targets -set -nocase -filter {name =~ "ARM*#0" && jtag_cable_name =~ "Digilent JTAG-HS1 210512180081"} -index 0
rst -processor
targets -set -nocase -filter {name =~ "ARM*#0" && jtag_cable_name =~ "Digilent JTAG-HS1 210512180081"} -index 0
dow E:/Zynq/SDK/MIO_LED/MIO_LED.sdk/MIO_LED/Debug/MIO_LED.elf
configparams force-mem-access 0
----------------End of Script----------------

23:36:52 INFO  : Context for processor 'ps7_cortexa9_0' is selected.
23:36:52 INFO  : 'con' command is executed.
23:36:52 INFO  : ----------------XSDB Script (After Launch)----------------
targets -set -nocase -filter {name =~ "ARM*#0" && jtag_cable_name =~ "Digilent JTAG-HS1 210512180081"} -index 0
con
----------------End of Script----------------

23:36:52 INFO  : Launch script is exported to file 'E:\Zynq\SDK\MIO_LED\MIO_LED.sdk\.sdk\launch_scripts\xilinx_c-c++_application_(system_debugger)\system_debugger_using_debug_mio_led.elf_on_local.tcl'
23:37:25 INFO  : Disconnected from the channel tcfchan#5.
23:37:26 INFO  : Connected to target on host '127.0.0.1' and port '3121'.
23:37:26 INFO  : Jtag cable 'Digilent JTAG-HS1 210512180081' is selected.
23:37:26 INFO  : 'jtag frequency' command is executed.
23:37:26 INFO  : Sourcing of 'E:/Zynq/SDK/MIO_LED/MIO_LED.sdk/system_wrapper_hw_platform_0/ps7_init.tcl' is done.
23:37:26 INFO  : Context for 'APU' is selected.
23:37:28 INFO  : Hardware design information is loaded from 'E:/Zynq/SDK/MIO_LED/MIO_LED.sdk/system_wrapper_hw_platform_0/system.hdf'.
23:37:28 INFO  : 'configparams force-mem-access 1' command is executed.
23:37:28 INFO  : Context for 'APU' is selected.
23:37:28 INFO  : 'stop' command is executed.
23:37:28 INFO  : 'ps7_init' command is executed.
23:37:28 INFO  : 'ps7_post_config' command is executed.
23:37:28 INFO  : Context for processor 'ps7_cortexa9_0' is selected.
23:37:28 INFO  : Processor reset is completed for 'ps7_cortexa9_0'.
23:37:28 INFO  : Context for processor 'ps7_cortexa9_0' is selected.
23:37:28 INFO  : The application 'E:/Zynq/SDK/MIO_LED/MIO_LED.sdk/MIO_LED/Debug/MIO_LED.elf' is downloaded to processor 'ps7_cortexa9_0'.
23:37:28 INFO  : 'configparams force-mem-access 0' command is executed.
23:37:28 INFO  : ----------------XSDB Script----------------
connect -url tcp:127.0.0.1:3121
source E:/Zynq/SDK/MIO_LED/MIO_LED.sdk/system_wrapper_hw_platform_0/ps7_init.tcl
targets -set -nocase -filter {name =~"APU*" && jtag_cable_name =~ "Digilent JTAG-HS1 210512180081"} -index 0
loadhw -hw E:/Zynq/SDK/MIO_LED/MIO_LED.sdk/system_wrapper_hw_platform_0/system.hdf -mem-ranges [list {0x40000000 0xbfffffff}]
configparams force-mem-access 1
targets -set -nocase -filter {name =~"APU*" && jtag_cable_name =~ "Digilent JTAG-HS1 210512180081"} -index 0
stop
ps7_init
ps7_post_config
targets -set -nocase -filter {name =~ "ARM*#0" && jtag_cable_name =~ "Digilent JTAG-HS1 210512180081"} -index 0
rst -processor
targets -set -nocase -filter {name =~ "ARM*#0" && jtag_cable_name =~ "Digilent JTAG-HS1 210512180081"} -index 0
dow E:/Zynq/SDK/MIO_LED/MIO_LED.sdk/MIO_LED/Debug/MIO_LED.elf
configparams force-mem-access 0
----------------End of Script----------------

23:37:28 INFO  : Context for processor 'ps7_cortexa9_0' is selected.
23:37:28 INFO  : 'con' command is executed.
23:37:28 INFO  : ----------------XSDB Script (After Launch)----------------
targets -set -nocase -filter {name =~ "ARM*#0" && jtag_cable_name =~ "Digilent JTAG-HS1 210512180081"} -index 0
con
----------------End of Script----------------

23:37:28 INFO  : Launch script is exported to file 'E:\Zynq\SDK\MIO_LED\MIO_LED.sdk\.sdk\launch_scripts\xilinx_c-c++_application_(system_debugger)\system_debugger_using_debug_mio_led.elf_on_local.tcl'
23:38:37 INFO  : Disconnected from the channel tcfchan#6.
23:38:38 INFO  : Connected to target on host '127.0.0.1' and port '3121'.
23:38:38 INFO  : Jtag cable 'Digilent JTAG-HS1 210512180081' is selected.
23:38:38 INFO  : 'jtag frequency' command is executed.
23:38:38 INFO  : Sourcing of 'E:/Zynq/SDK/MIO_LED/MIO_LED.sdk/system_wrapper_hw_platform_0/ps7_init.tcl' is done.
23:38:38 INFO  : Context for 'APU' is selected.
23:38:40 INFO  : Hardware design information is loaded from 'E:/Zynq/SDK/MIO_LED/MIO_LED.sdk/system_wrapper_hw_platform_0/system.hdf'.
23:38:40 INFO  : 'configparams force-mem-access 1' command is executed.
23:38:40 INFO  : Context for 'APU' is selected.
23:38:40 INFO  : 'stop' command is executed.
23:38:40 INFO  : 'ps7_init' command is executed.
23:38:40 INFO  : 'ps7_post_config' command is executed.
23:38:40 INFO  : Context for processor 'ps7_cortexa9_0' is selected.
23:38:40 INFO  : Processor reset is completed for 'ps7_cortexa9_0'.
23:38:40 INFO  : Context for processor 'ps7_cortexa9_0' is selected.
23:38:40 INFO  : The application 'E:/Zynq/SDK/MIO_LED/MIO_LED.sdk/MIO_LED/Debug/MIO_LED.elf' is downloaded to processor 'ps7_cortexa9_0'.
23:38:40 INFO  : 'configparams force-mem-access 0' command is executed.
23:38:40 INFO  : ----------------XSDB Script----------------
connect -url tcp:127.0.0.1:3121
source E:/Zynq/SDK/MIO_LED/MIO_LED.sdk/system_wrapper_hw_platform_0/ps7_init.tcl
targets -set -nocase -filter {name =~"APU*" && jtag_cable_name =~ "Digilent JTAG-HS1 210512180081"} -index 0
loadhw -hw E:/Zynq/SDK/MIO_LED/MIO_LED.sdk/system_wrapper_hw_platform_0/system.hdf -mem-ranges [list {0x40000000 0xbfffffff}]
configparams force-mem-access 1
targets -set -nocase -filter {name =~"APU*" && jtag_cable_name =~ "Digilent JTAG-HS1 210512180081"} -index 0
stop
ps7_init
ps7_post_config
targets -set -nocase -filter {name =~ "ARM*#0" && jtag_cable_name =~ "Digilent JTAG-HS1 210512180081"} -index 0
rst -processor
targets -set -nocase -filter {name =~ "ARM*#0" && jtag_cable_name =~ "Digilent JTAG-HS1 210512180081"} -index 0
dow E:/Zynq/SDK/MIO_LED/MIO_LED.sdk/MIO_LED/Debug/MIO_LED.elf
configparams force-mem-access 0
----------------End of Script----------------

23:38:40 INFO  : Context for processor 'ps7_cortexa9_0' is selected.
23:38:40 INFO  : 'con' command is executed.
23:38:40 INFO  : ----------------XSDB Script (After Launch)----------------
targets -set -nocase -filter {name =~ "ARM*#0" && jtag_cable_name =~ "Digilent JTAG-HS1 210512180081"} -index 0
con
----------------End of Script----------------

23:38:40 INFO  : Launch script is exported to file 'E:\Zynq\SDK\MIO_LED\MIO_LED.sdk\.sdk\launch_scripts\xilinx_c-c++_application_(system_debugger)\system_debugger_using_debug_mio_led.elf_on_local.tcl'
23:39:38 INFO  : Disconnected from the channel tcfchan#7.
23:39:39 INFO  : Connected to target on host '127.0.0.1' and port '3121'.
23:39:39 INFO  : Jtag cable 'Digilent JTAG-HS1 210512180081' is selected.
23:39:39 INFO  : 'jtag frequency' command is executed.
23:39:39 INFO  : Sourcing of 'E:/Zynq/SDK/MIO_LED/MIO_LED.sdk/system_wrapper_hw_platform_0/ps7_init.tcl' is done.
23:39:39 INFO  : Context for 'APU' is selected.
23:39:40 INFO  : Hardware design information is loaded from 'E:/Zynq/SDK/MIO_LED/MIO_LED.sdk/system_wrapper_hw_platform_0/system.hdf'.
23:39:40 INFO  : 'configparams force-mem-access 1' command is executed.
23:39:40 INFO  : Context for 'APU' is selected.
23:39:40 INFO  : 'stop' command is executed.
23:39:40 INFO  : 'ps7_init' command is executed.
23:39:40 INFO  : 'ps7_post_config' command is executed.
23:39:40 INFO  : Context for processor 'ps7_cortexa9_0' is selected.
23:39:40 INFO  : Processor reset is completed for 'ps7_cortexa9_0'.
23:39:40 INFO  : Context for processor 'ps7_cortexa9_0' is selected.
23:39:41 INFO  : The application 'E:/Zynq/SDK/MIO_LED/MIO_LED.sdk/MIO_LED/Debug/MIO_LED.elf' is downloaded to processor 'ps7_cortexa9_0'.
23:39:41 INFO  : 'configparams force-mem-access 0' command is executed.
23:39:41 INFO  : ----------------XSDB Script----------------
connect -url tcp:127.0.0.1:3121
source E:/Zynq/SDK/MIO_LED/MIO_LED.sdk/system_wrapper_hw_platform_0/ps7_init.tcl
targets -set -nocase -filter {name =~"APU*" && jtag_cable_name =~ "Digilent JTAG-HS1 210512180081"} -index 0
loadhw -hw E:/Zynq/SDK/MIO_LED/MIO_LED.sdk/system_wrapper_hw_platform_0/system.hdf -mem-ranges [list {0x40000000 0xbfffffff}]
configparams force-mem-access 1
targets -set -nocase -filter {name =~"APU*" && jtag_cable_name =~ "Digilent JTAG-HS1 210512180081"} -index 0
stop
ps7_init
ps7_post_config
targets -set -nocase -filter {name =~ "ARM*#0" && jtag_cable_name =~ "Digilent JTAG-HS1 210512180081"} -index 0
rst -processor
targets -set -nocase -filter {name =~ "ARM*#0" && jtag_cable_name =~ "Digilent JTAG-HS1 210512180081"} -index 0
dow E:/Zynq/SDK/MIO_LED/MIO_LED.sdk/MIO_LED/Debug/MIO_LED.elf
configparams force-mem-access 0
----------------End of Script----------------

23:39:41 INFO  : Context for processor 'ps7_cortexa9_0' is selected.
23:39:41 INFO  : 'con' command is executed.
23:39:41 INFO  : ----------------XSDB Script (After Launch)----------------
targets -set -nocase -filter {name =~ "ARM*#0" && jtag_cable_name =~ "Digilent JTAG-HS1 210512180081"} -index 0
con
----------------End of Script----------------

23:39:41 INFO  : Launch script is exported to file 'E:\Zynq\SDK\MIO_LED\MIO_LED.sdk\.sdk\launch_scripts\xilinx_c-c++_application_(system_debugger)\system_debugger_using_debug_mio_led.elf_on_local.tcl'
23:52:00 INFO  : Disconnected from the channel tcfchan#8.
23:52:01 INFO  : Connected to target on host '127.0.0.1' and port '3121'.
23:52:01 INFO  : Jtag cable 'Digilent JTAG-HS1 210512180081' is selected.
23:52:01 INFO  : 'jtag frequency' command is executed.
23:52:01 INFO  : Sourcing of 'E:/Zynq/SDK/MIO_LED/MIO_LED.sdk/system_wrapper_hw_platform_0/ps7_init.tcl' is done.
23:52:01 INFO  : Context for 'APU' is selected.
23:52:02 INFO  : Hardware design information is loaded from 'E:/Zynq/SDK/MIO_LED/MIO_LED.sdk/system_wrapper_hw_platform_0/system.hdf'.
23:52:02 INFO  : 'configparams force-mem-access 1' command is executed.
23:52:02 INFO  : Context for 'APU' is selected.
23:52:02 INFO  : 'stop' command is executed.
23:52:02 INFO  : 'ps7_init' command is executed.
23:52:02 INFO  : 'ps7_post_config' command is executed.
23:52:02 INFO  : Context for processor 'ps7_cortexa9_0' is selected.
23:52:02 INFO  : Processor reset is completed for 'ps7_cortexa9_0'.
23:52:02 INFO  : Context for processor 'ps7_cortexa9_0' is selected.
23:52:03 INFO  : The application 'E:/Zynq/SDK/MIO_LED/MIO_LED.sdk/MIO_LED/Debug/MIO_LED.elf' is downloaded to processor 'ps7_cortexa9_0'.
23:52:03 INFO  : 'configparams force-mem-access 0' command is executed.
23:52:03 INFO  : ----------------XSDB Script----------------
connect -url tcp:127.0.0.1:3121
source E:/Zynq/SDK/MIO_LED/MIO_LED.sdk/system_wrapper_hw_platform_0/ps7_init.tcl
targets -set -nocase -filter {name =~"APU*" && jtag_cable_name =~ "Digilent JTAG-HS1 210512180081"} -index 0
loadhw -hw E:/Zynq/SDK/MIO_LED/MIO_LED.sdk/system_wrapper_hw_platform_0/system.hdf -mem-ranges [list {0x40000000 0xbfffffff}]
configparams force-mem-access 1
targets -set -nocase -filter {name =~"APU*" && jtag_cable_name =~ "Digilent JTAG-HS1 210512180081"} -index 0
stop
ps7_init
ps7_post_config
targets -set -nocase -filter {name =~ "ARM*#0" && jtag_cable_name =~ "Digilent JTAG-HS1 210512180081"} -index 0
rst -processor
targets -set -nocase -filter {name =~ "ARM*#0" && jtag_cable_name =~ "Digilent JTAG-HS1 210512180081"} -index 0
dow E:/Zynq/SDK/MIO_LED/MIO_LED.sdk/MIO_LED/Debug/MIO_LED.elf
configparams force-mem-access 0
----------------End of Script----------------

23:52:03 INFO  : Context for processor 'ps7_cortexa9_0' is selected.
23:52:03 INFO  : 'con' command is executed.
23:52:03 INFO  : ----------------XSDB Script (After Launch)----------------
targets -set -nocase -filter {name =~ "ARM*#0" && jtag_cable_name =~ "Digilent JTAG-HS1 210512180081"} -index 0
con
----------------End of Script----------------

23:52:03 INFO  : Launch script is exported to file 'E:\Zynq\SDK\MIO_LED\MIO_LED.sdk\.sdk\launch_scripts\xilinx_c-c++_application_(system_debugger)\system_debugger_using_debug_mio_led.elf_on_local.tcl'
23:54:30 INFO  : Disconnected from the channel tcfchan#9.
